04/22/2021 01:31:06 PM: INFO: Launching Chrome Browser
Launching Chrome Browser
04/22/2021 01:31:07 PM: INFO: Launching Chrome Browser
Launching Chrome Browser
04/22/2021 01:31:10 PM: INFO: launch Url : https://admin-demo.nopcommerce.com/
launch Url : https://admin-demo.nopcommerce.com/
04/22/2021 01:31:11 PM: INFO: launch Url : https://admin-demo.nopcommerce.com/
launch Url : https://admin-demo.nopcommerce.com/
04/22/2021 01:31:13 PM: INFO: Test Case Home Page Title 
Test Case Home Page Title 
04/22/2021 01:31:13 PM: INFO: Expected : Your store. Login1 Actual: Your store. Login
Expected : Your store. Login1 Actual: Your store. Login
04/22/2021 01:31:14 PM: INFO: Browser And Driver Closeed !!!!!
Browser And Driver Closeed !!!!!
04/22/2021 01:31:16 PM: INFO: Browser And Driver Closeed !!!!!
Browser And Driver Closeed !!!!!
04/22/2021 01:31:18 PM: INFO: Launching Chrome Browser
Launching Chrome Browser
04/22/2021 01:31:22 PM: INFO: launch Url : https://admin-demo.nopcommerce.com/
launch Url : https://admin-demo.nopcommerce.com/
04/22/2021 01:31:22 PM: INFO: Launching Chrome Browser
Launching Chrome Browser
04/22/2021 01:31:24 PM: INFO: ************Test 002 DDT Login *************
************Test 002 DDT Login *************
04/22/2021 01:31:24 PM: INFO: ************Verify Login Page **********
************Verify Login Page **********
04/22/2021 01:31:24 PM: INFO: test Login Page Title
test Login Page Title
04/22/2021 01:31:26 PM: INFO: Enter Username admin@yourstore.com
Enter Username admin@yourstore.com
04/22/2021 01:31:26 PM: INFO: launch Url : https://admin-demo.nopcommerce.com/
launch Url : https://admin-demo.nopcommerce.com/
04/22/2021 01:31:26 PM: INFO: Enter Password  admin
Enter Password  admin
04/22/2021 01:31:28 PM: INFO: Test Case Home Page Title 
Test Case Home Page Title 
04/22/2021 01:31:29 PM: INFO: Expected : Your store. Loginl Actual: Your store. Login
Expected : Your store. Loginl Actual: Your store. Login
04/22/2021 01:31:34 PM: INFO: Browser And Driver Closeed !!!!!
Browser And Driver Closeed !!!!!
04/22/2021 01:31:35 PM: INFO: Click On Button LOG IN
Click On Button LOG IN
04/22/2021 01:31:35 PM: INFO: ****Passed****
****Passed****
04/22/2021 01:31:35 PM: INFO: Login DDT test Passed ...
Login DDT test Passed ...
04/22/2021 01:31:35 PM: INFO: *********************End of Login DDt Test **********
*********************End of Login DDt Test **********
04/22/2021 01:31:35 PM: INFO: ******Completed TC Login  002 
******Completed TC Login  002 
04/22/2021 01:31:38 PM: INFO: Browser And Driver Closeed !!!!!
Browser And Driver Closeed !!!!!
04/22/2021 01:31:39 PM: INFO: Launching Chrome Browser
Launching Chrome Browser
04/22/2021 01:31:43 PM: INFO: Launching Chrome Browser
Launching Chrome Browser
04/22/2021 01:31:44 PM: INFO: launch Url : https://admin-demo.nopcommerce.com/
launch Url : https://admin-demo.nopcommerce.com/
04/22/2021 01:31:46 PM: INFO: test Search Customer By Mail Id
test Search Customer By Mail Id
04/22/2021 01:31:47 PM: INFO: launch Url : https://admin-demo.nopcommerce.com/
launch Url : https://admin-demo.nopcommerce.com/
04/22/2021 01:31:48 PM: INFO: Enter Username admin@yourstore.com
Enter Username admin@yourstore.com
04/22/2021 01:31:48 PM: INFO: Enter Password  admin
Enter Password  admin
04/22/2021 01:31:50 PM: INFO: test Login Page Title
test Login Page Title
04/22/2021 01:31:51 PM: INFO: Enter Username admin@yourstore.com
Enter Username admin@yourstore.com
04/22/2021 01:31:52 PM: INFO: Enter Password  admin
Enter Password  admin
04/22/2021 01:31:56 PM: INFO: Click On Button LOG IN
Click On Button LOG IN
04/22/2021 01:31:57 PM: INFO: Expected : Dashboard / nopCommerce administration Actual: Dashboard / nopCommerce administration
Expected : Dashboard / nopCommerce administration Actual: Dashboard / nopCommerce administration
04/22/2021 01:31:57 PM: INFO: Add Customer Details
Add Customer Details
04/22/2021 01:32:01 PM: INFO: Click On Button LOG IN
Click On Button LOG IN
04/22/2021 01:32:01 PM: INFO: Expected : Dashboard / nopCommerce administration Actual: Dashboard / nopCommerce administration
Expected : Dashboard / nopCommerce administration Actual: Dashboard / nopCommerce administration
04/22/2021 01:32:01 PM: INFO: ************Login Successfully *************
************Login Successfully *************
04/22/2021 01:32:09 PM: INFO: ************* Providing customer info**************
************* Providing customer info**************
04/22/2021 01:32:24 PM: INFO: ************* Saving customer info**************
************* Saving customer info**************
04/22/2021 01:32:24 PM: INFO: ************* Add customer Validation Started**************
************* Add customer Validation Started**************
04/22/2021 01:32:25 PM: INFO: Unicode Format Error !!
Unicode Format Error !!
04/22/2021 01:32:26 PM: INFO: Browser And Driver Closeed !!!!!
Browser And Driver Closeed !!!!!
